<?xml version="1.0" encoding="UTF-8"?>
<!-- Generated by org.testng.reporters.JUnitReportReporter -->
<testsuite skipped="0" hostname="Addagada" name="MavenPackage.MavenProject.SeleniumTest" tests="2" failures="0" timestamp="2020-01-20T20:48:48 EST" time="0.008" errors="0">
  <testcase name="seleniumTest1" time="0.007" classname="MavenPackage.MavenProject.SeleniumTest"/>
  <system-out/>
  <testcase name="seleniumTest2" time="0.001" classname="MavenPackage.MavenProject.SeleniumTest"/>
  <system-out/>
</testsuite> <!-- MavenPackage.MavenProject.SeleniumTest -->
