<?xml version="1.0" encoding="UTF-8"?>
<!-- Generated by org.testng.reporters.JUnitReportReporter -->
<testsuite skipped="0" hostname="Addagada" name="MavenPackage.MavenProject.AppiumTest" tests="2" failures="0" timestamp="2020-01-20T20:48:21 EST" time="0.001" errors="0">
  <testcase name="appiumTest1" time="0.000" classname="MavenPackage.MavenProject.AppiumTest"/>
  <system-out/>
  <testcase name="appiumTest2" time="0.001" classname="MavenPackage.MavenProject.AppiumTest"/>
  <system-out/>
</testsuite> <!-- MavenPackage.MavenProject.AppiumTest -->
