<?xml version="1.0" encoding="UTF-8"?>
<!-- Generated by org.testng.reporters.JUnitReportReporter -->
<testsuite skipped="0" hostname="Addagada" name="MavenPackage.MavenProject.RestApiTest" tests="2" failures="0" timestamp="2020-01-20T20:48:48 EST" time="0.002" errors="0">
  <testcase name="restApiTest1" time="0.001" classname="MavenPackage.MavenProject.RestApiTest"/>
  <system-out/>
  <testcase name="restApiTest2" time="0.001" classname="MavenPackage.MavenProject.RestApiTest"/>
  <system-out/>
</testsuite> <!-- MavenPackage.MavenProject.RestApiTest -->
